<?xml version="1.0" encoding="UTF-8"?>
<coverage generated="1653473553492" clover="3.2.0">
  <project timestamp="1653473553493" name="All files">
    <metrics statements="138" coveredstatements="138" conditionals="83" coveredconditionals="83" methods="35" coveredmethods="35" elements="256" coveredelements="256" complexity="0" loc="138" ncloc="138" packages="5" files="5" classes="5"/>
    <package name="arguments">
      <metrics statements="33" coveredstatements="33" conditionals="13" coveredconditionals="13" methods="3" coveredmethods="3"/>
      <file name="index.ts" path="D:\Project\github\rollhtml\src\utils\arguments\index.ts">
        <metrics statements="33" coveredstatements="33" conditionals="13" coveredconditionals="13" methods="3" coveredmethods="3"/>
        <line num="15" count="1" type="stmt"/>
        <line num="22" count="16" type="stmt"/>
        <line num="23" count="16" type="stmt"/>
        <line num="24" count="16" type="stmt"/>
        <line num="25" count="16" type="stmt"/>
        <line num="26" count="33" type="stmt"/>
        <line num="27" count="16" type="stmt"/>
        <line num="28" count="44" type="cond" truecount="1" falsecount="0"/>
        <line num="29" count="15" type="stmt"/>
        <line num="32" count="29" type="stmt"/>
        <line num="34" count="29" type="cond" truecount="1" falsecount="0"/>
        <line num="35" count="5" type="stmt"/>
        <line num="36" count="5" type="stmt"/>
        <line num="38" count="5" type="stmt"/>
        <line num="41" count="24" type="stmt"/>
        <line num="42" count="24" type="stmt"/>
        <line num="43" count="24" type="cond" truecount="2" falsecount="0"/>
        <line num="45" count="24" type="cond" truecount="1" falsecount="0"/>
        <line num="46" count="6" type="cond" truecount="1" falsecount="0"/>
        <line num="47" count="1" type="stmt"/>
        <line num="50" count="5" type="stmt"/>
        <line num="51" count="5" type="stmt"/>
        <line num="53" count="5" type="stmt"/>
        <line num="56" count="18" type="stmt"/>
        <line num="57" count="18" type="stmt"/>
        <line num="59" count="18" type="cond" truecount="3" falsecount="0"/>
        <line num="60" count="6" type="stmt"/>
        <line num="61" count="6" type="stmt"/>
        <line num="63" count="6" type="stmt"/>
        <line num="66" count="12" type="stmt"/>
        <line num="67" count="12" type="stmt"/>
        <line num="70" count="16" type="stmt"/>
        <line num="72" count="15" type="stmt"/>
      </file>
    </package>
    <package name="cook">
      <metrics statements="7" coveredstatements="7" conditionals="3" coveredconditionals="3" methods="5" coveredmethods="5"/>
      <file name="index.ts" path="D:\Project\github\rollhtml\src\utils\cook\index.ts">
        <metrics statements="7" coveredstatements="7" conditionals="3" coveredconditionals="3" methods="5" coveredmethods="5"/>
        <line num="8" count="1" type="stmt"/>
        <line num="11" count="3" type="cond" truecount="2" falsecount="0"/>
        <line num="13" count="3" type="stmt"/>
        <line num="15" count="3" type="stmt"/>
        <line num="16" count="3" type="stmt"/>
        <line num="17" count="3" type="stmt"/>
        <line num="19" count="3" type="stmt"/>
      </file>
    </package>
    <package name="file">
      <metrics statements="75" coveredstatements="75" conditionals="60" coveredconditionals="60" methods="17" coveredmethods="17"/>
      <file name="index.ts" path="D:\Project\github\rollhtml\src\utils\file\index.ts">
        <metrics statements="75" coveredstatements="75" conditionals="60" coveredconditionals="60" methods="17" coveredmethods="17"/>
        <line num="1" count="10" type="stmt"/>
        <line num="2" count="10" type="stmt"/>
        <line num="3" count="10" type="stmt"/>
        <line num="8" count="10" type="stmt"/>
        <line num="9" count="4" type="stmt"/>
        <line num="15" count="10" type="stmt"/>
        <line num="16" count="220" type="stmt"/>
        <line num="17" count="220" type="stmt"/>
        <line num="19" count="220" type="cond" truecount="3" falsecount="0"/>
        <line num="20" count="71" type="cond" truecount="2" falsecount="0"/>
        <line num="23" count="149" type="stmt"/>
        <line num="29" count="10" type="stmt"/>
        <line num="30" count="13" type="cond" truecount="3" falsecount="0"/>
        <line num="31" count="8" type="stmt"/>
        <line num="34" count="5" type="stmt"/>
        <line num="42" count="10" type="stmt"/>
        <line num="43" count="4" type="stmt"/>
        <line num="49" count="10" type="stmt"/>
        <line num="50" count="10" type="stmt"/>
        <line num="59" count="10" type="stmt"/>
        <line num="65" count="23" type="cond" truecount="4" falsecount="0"/>
        <line num="66" count="23" type="stmt"/>
        <line num="68" count="23" type="cond" truecount="2" falsecount="0"/>
        <line num="74" count="10" type="stmt"/>
        <line num="75" count="2" type="stmt"/>
        <line num="84" count="10" type="stmt"/>
        <line num="89" count="19" type="cond" truecount="1" falsecount="0"/>
        <line num="90" count="1" type="stmt"/>
        <line num="95" count="18" type="cond" truecount="4" falsecount="0"/>
        <line num="97" count="18" type="cond" truecount="2" falsecount="0"/>
        <line num="98" count="6" type="cond" truecount="2" falsecount="0"/>
        <line num="99" count="5" type="stmt"/>
        <line num="100" count="1" type="cond" truecount="1" falsecount="0"/>
        <line num="101" count="1" type="stmt"/>
        <line num="104" count="5" type="stmt"/>
        <line num="105" count="10" type="stmt"/>
        <line num="110" count="12" type="cond" truecount="2" falsecount="0"/>
        <line num="114" count="1" type="stmt"/>
        <line num="115" count="11" type="cond" truecount="3" falsecount="0"/>
        <line num="116" count="10" type="stmt"/>
        <line num="129" count="10" type="stmt"/>
        <line num="133" count="60" type="cond" truecount="1" falsecount="0"/>
        <line num="134" count="3" type="stmt"/>
        <line num="140" count="43" type="cond" truecount="1" falsecount="0"/>
        <line num="141" count="57" type="cond" truecount="4" falsecount="0"/>
        <line num="142" count="57" type="stmt"/>
        <line num="143" count="57" type="cond" truecount="2" falsecount="0"/>
        <line num="147" count="57" type="cond" truecount="2" falsecount="0"/>
        <line num="148" count="57" type="stmt"/>
        <line num="149" count="57" type="stmt"/>
        <line num="150" count="57" type="cond" truecount="1" falsecount="0"/>
        <line num="151" count="6" type="stmt"/>
        <line num="153" count="56" type="cond" truecount="1" falsecount="0"/>
        <line num="154" count="12" type="stmt"/>
        <line num="157" count="54" type="stmt"/>
        <line num="160" count="57" type="stmt"/>
        <line num="161" count="114" type="stmt"/>
        <line num="163" count="114" type="cond" truecount="2" falsecount="0"/>
        <line num="164" count="45" type="cond" truecount="3" falsecount="0"/>
        <line num="165" count="4" type="stmt"/>
        <line num="168" count="45" type="cond" truecount="1" falsecount="0"/>
        <line num="169" count="44" type="stmt"/>
        <line num="171" count="44" type="stmt"/>
        <line num="173" count="69" type="cond" truecount="1" falsecount="0"/>
        <line num="174" count="43" type="stmt"/>
        <line num="178" count="57" type="stmt"/>
        <line num="187" count="10" type="stmt"/>
        <line num="193" count="10" type="cond" truecount="4" falsecount="0"/>
        <line num="194" count="10" type="stmt"/>
        <line num="195" count="10" type="stmt"/>
        <line num="200" count="16" type="stmt"/>
        <line num="204" count="10" type="cond" truecount="1" falsecount="0"/>
        <line num="205" count="3" type="stmt"/>
        <line num="210" count="3" type="stmt"/>
        <line num="213" count="7" type="stmt"/>
      </file>
    </package>
    <package name="log">
      <metrics statements="4" coveredstatements="4" conditionals="0" coveredconditionals="0" methods="2" coveredmethods="2"/>
      <file name="index.ts" path="D:\Project\github\rollhtml\src\utils\log\index.ts">
        <metrics statements="4" coveredstatements="4" conditionals="0" coveredconditionals="0" methods="2" coveredmethods="2"/>
        <line num="4" count="2" type="stmt"/>
        <line num="5" count="1" type="stmt"/>
        <line num="11" count="2" type="stmt"/>
        <line num="12" count="1" type="stmt"/>
      </file>
    </package>
    <package name="string">
      <metrics statements="19" coveredstatements="19" conditionals="7" coveredconditionals="7" methods="8" coveredmethods="8"/>
      <file name="index.ts" path="D:\Project\github\rollhtml\src\utils\string\index.ts">
        <metrics statements="19" coveredstatements="19" conditionals="7" coveredconditionals="7" methods="8" coveredmethods="8"/>
        <line num="4" count="6" type="stmt"/>
        <line num="5" count="66" type="stmt"/>
        <line num="11" count="6" type="stmt"/>
        <line num="12" count="22" type="cond" truecount="2" falsecount="0"/>
        <line num="18" count="6" type="stmt"/>
        <line num="19" count="22" type="cond" truecount="2" falsecount="0"/>
        <line num="25" count="6" type="stmt"/>
        <line num="26" count="11" type="stmt"/>
        <line num="32" count="6" type="stmt"/>
        <line num="34" count="46" type="stmt"/>
        <line num="43" count="6" type="stmt"/>
        <line num="48" count="4" type="cond" truecount="1" falsecount="0"/>
        <line num="49" count="2" type="stmt"/>
        <line num="52" count="2" type="stmt"/>
        <line num="54" count="2" type="stmt"/>
        <line num="55" count="10" type="stmt"/>
        <line num="61" count="10" type="stmt"/>
        <line num="63" count="2" type="stmt"/>
        <line num="65" count="10" type="stmt"/>
      </file>
    </package>
  </project>
</coverage>
