{"D:\\Project\\github\\rollhtml\\src\\utils\\arguments\\index.ts": {"path":"D:\\Project\\github\\rollhtml\\src\\utils\\arguments\\index.ts","statementMap":{"0":{"start":{"line":22,"column":6},"end":{"line":22,"column":13}},"1":{"start":{"line":23,"column":43},"end":{"line":23,"column":45}},"2":{"start":{"line":24,"column":43},"end":{"line":24,"column":45}},"3":{"start":{"line":25,"column":18},"end":{"line":25,"column":38}},"4":{"start":{"line":26,"column":23},"end":{"line":26,"column":65}},"5":{"start":{"line":26,"column":45},"end":{"line":26,"column":64}},"6":{"start":{"line":27,"column":22},"end":{"line":68,"column":3}},"7":{"start":{"line":28,"column":4},"end":{"line":30,"column":null}},"8":{"start":{"line":29,"column":6},"end":{"line":29,"column":13}},"9":{"start":{"line":32,"column":16},"end":{"line":32,"column":32}},"10":{"start":{"line":34,"column":4},"end":{"line":39,"column":null}},"11":{"start":{"line":35,"column":6},"end":{"line":35,"column":21}},"12":{"start":{"line":36,"column":6},"end":{"line":36,"column":29}},"13":{"start":{"line":38,"column":6},"end":{"line":38,"column":13}},"14":{"start":{"line":41,"column":23},"end":{"line":41,"column":38}},"15":{"start":{"line":42,"column":17},"end":{"line":42,"column":40}},"16":{"start":{"line":43,"column":21},"end":{"line":43,"column":72}},"17":{"start":{"line":45,"column":4},"end":{"line":54,"column":null}},"18":{"start":{"line":46,"column":6},"end":{"line":48,"column":null}},"19":{"start":{"line":47,"column":8},"end":{"line":47,"column":57}},"20":{"start":{"line":50,"column":6},"end":{"line":50,"column":21}},"21":{"start":{"line":51,"column":6},"end":{"line":51,"column":29}},"22":{"start":{"line":53,"column":6},"end":{"line":53,"column":13}},"23":{"start":{"line":56,"column":27},"end":{"line":56,"column":47}},"24":{"start":{"line":57,"column":16},"end":{"line":57,"column":33}},"25":{"start":{"line":59,"column":4},"end":{"line":64,"column":null}},"26":{"start":{"line":60,"column":6},"end":{"line":60,"column":23}},"27":{"start":{"line":61,"column":6},"end":{"line":61,"column":29}},"28":{"start":{"line":63,"column":6},"end":{"line":63,"column":13}},"29":{"start":{"line":66,"column":4},"end":{"line":66,"column":31}},"30":{"start":{"line":67,"column":4},"end":{"line":67,"column":27}},"31":{"start":{"line":70,"column":2},"end":{"line":70,"column":17}},"32":{"start":{"line":72,"column":2},"end":{"line":72,"column":24}},"33":{"start":{"line":15,"column":0},"end":{"line":15,"column":16}}},"fnMap":{"0":{"name":"getArguments","decl":{"start":{"line":15,"column":16},"end":{"line":15,"column":28}},"loc":{"start":{"line":16,"column":35},"end":{"line":73,"column":1}}},"1":{"name":"(anonymous_1)","decl":{"start":{"line":26,"column":35},"end":{"line":26,"column":36}},"loc":{"start":{"line":26,"column":45},"end":{"line":26,"column":64}}},"2":{"name":"(anonymous_2)","decl":{"start":{"line":27,"column":22},"end":{"line":27,"column":23}},"loc":{"start":{"line":27,"column":46},"end":{"line":68,"column":3}}}},"branchMap":{"0":{"loc":{"start":{"line":16,"column":2},"end":{"line":16,"column":35}},"type":"default-arg","locations":[{"start":{"line":16,"column":33},"end":{"line":16,"column":35}}]},"1":{"loc":{"start":{"line":19,"column":4},"end":{"line":19,"column":16}},"type":"default-arg","locations":[{"start":{"line":19,"column":14},"end":{"line":19,"column":16}}]},"2":{"loc":{"start":{"line":20,"column":4},"end":{"line":20,"column":28}},"type":"default-arg","locations":[{"start":{"line":20,"column":16},"end":{"line":20,"column":28}}]},"3":{"loc":{"start":{"line":21,"column":4},"end":{"line":21,"column":27}},"type":"default-arg","locations":[{"start":{"line":21,"column":22},"end":{"line":21,"column":27}}]},"4":{"loc":{"start":{"line":28,"column":4},"end":{"line":30,"column":null}},"type":"if","locations":[{"start":{"line":28,"column":4},"end":{"line":30,"column":null}}]},"5":{"loc":{"start":{"line":34,"column":4},"end":{"line":39,"column":null}},"type":"if","locations":[{"start":{"line":34,"column":4},"end":{"line":39,"column":null}}]},"6":{"loc":{"start":{"line":43,"column":22},"end":{"line":43,"column":57}},"type":"cond-expr","locations":[{"start":{"line":43,"column":35},"end":{"line":43,"column":42}},{"start":{"line":43,"column":45},"end":{"line":43,"column":57}}]},"7":{"loc":{"start":{"line":45,"column":4},"end":{"line":54,"column":null}},"type":"if","locations":[{"start":{"line":45,"column":4},"end":{"line":54,"column":null}}]},"8":{"loc":{"start":{"line":46,"column":6},"end":{"line":48,"column":null}},"type":"if","locations":[{"start":{"line":46,"column":6},"end":{"line":48,"column":null}}]},"9":{"loc":{"start":{"line":59,"column":4},"end":{"line":64,"column":null}},"type":"if","locations":[{"start":{"line":59,"column":4},"end":{"line":64,"column":null}}]},"10":{"loc":{"start":{"line":59,"column":8},"end":{"line":59,"column":65}},"type":"binary-expr","locations":[{"start":{"line":59,"column":8},"end":{"line":59,"column":36}},{"start":{"line":59,"column":40},"end":{"line":59,"column":65}}]}},"s":{"0":16,"1":16,"2":16,"3":16,"4":16,"5":33,"6":16,"7":44,"8":15,"9":29,"10":29,"11":5,"12":5,"13":5,"14":24,"15":24,"16":24,"17":24,"18":6,"19":1,"20":5,"21":5,"22":5,"23":18,"24":18,"25":18,"26":6,"27":6,"28":6,"29":12,"30":12,"31":16,"32":15,"33":1},"f":{"0":16,"1":33,"2":44},"b":{"0":[1],"1":[5],"2":[1],"3":[15],"4":[15],"5":[5],"6":[13,11],"7":[6],"8":[1],"9":[6],"10":[18,16]}}
,"D:\\Project\\github\\rollhtml\\src\\utils\\cook\\index.ts": {"path":"D:\\Project\\github\\rollhtml\\src\\utils\\cook\\index.ts","statementMap":{"0":{"start":{"line":11,"column":22},"end":{"line":11,"column":66}},"1":{"start":{"line":13,"column":2},"end":{"line":23,"column":4}},"2":{"start":{"line":13,"column":35},"end":{"line":23,"column":4}},"3":{"start":{"line":13,"column":36},"end":{"line":23,"column":4}},"4":{"start":{"line":15,"column":33},"end":{"line":20,"column":null}},"5":{"start":{"line":16,"column":21},"end":{"line":16,"column":35}},"6":{"start":{"line":17,"column":23},"end":{"line":17,"column":58}},"7":{"start":{"line":19,"column":8},"end":{"line":19,"column":22}},"8":{"start":{"line":8,"column":0},"end":{"line":8,"column":16}}},"fnMap":{"0":{"name":"createCook","decl":{"start":{"line":8,"column":16},"end":{"line":8,"column":26}},"loc":{"start":{"line":9,"column":39},"end":{"line":24,"column":1}}},"1":{"name":"(anonymous_8)","decl":{"start":{"line":13,"column":9},"end":{"line":13,"column":16}},"loc":{"start":{"line":13,"column":35},"end":{"line":23,"column":4}}},"2":{"name":"(anonymous_9)","decl":{"start":{"line":13,"column":35},"end":{"line":13,"column":36}},"loc":{"start":{"line":13,"column":35},"end":{"line":23,"column":4}}},"3":{"name":"(anonymous_10)","decl":{"start":{"line":15,"column":6},"end":{"line":15,"column":13}},"loc":{"start":{"line":15,"column":33},"end":{"line":20,"column":null}}},"4":{"name":"(anonymous_11)","decl":{"start":{"line":15,"column":33},"end":{"line":15,"column":null}},"loc":{"start":{"line":15,"column":33},"end":{"line":20,"column":7}}}},"branchMap":{"0":{"loc":{"start":{"line":9,"column":2},"end":{"line":9,"column":39}},"type":"default-arg","locations":[{"start":{"line":9,"column":37},"end":{"line":9,"column":39}}]},"1":{"loc":{"start":{"line":11,"column":22},"end":{"line":11,"column":66}},"type":"cond-expr","locations":[{"start":{"line":11,"column":47},"end":{"line":11,"column":54}},{"start":{"line":11,"column":57},"end":{"line":11,"column":66}}]}},"s":{"0":3,"1":3,"2":3,"3":3,"4":3,"5":3,"6":3,"7":3,"8":1},"f":{"0":3,"1":3,"2":3,"3":3,"4":3},"b":{"0":[1],"1":[2,1]}}
,"D:\\Project\\github\\rollhtml\\src\\utils\\file\\index.ts": {"path":"D:\\Project\\github\\rollhtml\\src\\utils\\file\\index.ts","statementMap":{"0":{"start":{"line":1,"column":0},"end":{"line":1,"column":20}},"1":{"start":{"line":2,"column":0},"end":{"line":2,"column":24}},"2":{"start":{"line":3,"column":0},"end":{"line":3,"column":28}},"3":{"start":{"line":9,"column":2},"end":{"line":9,"column":31}},"4":{"start":{"line":8,"column":0},"end":{"line":8,"column":16}},"5":{"start":{"line":16,"column":17},"end":{"line":16,"column":56}},"6":{"start":{"line":17,"column":23},"end":{"line":17,"column":41}},"7":{"start":{"line":19,"column":2},"end":{"line":21,"column":null}},"8":{"start":{"line":20,"column":4},"end":{"line":20,"column":48}},"9":{"start":{"line":23,"column":2},"end":{"line":23,"column":16}},"10":{"start":{"line":15,"column":0},"end":{"line":15,"column":16}},"11":{"start":{"line":30,"column":2},"end":{"line":32,"column":null}},"12":{"start":{"line":31,"column":4},"end":{"line":31,"column":27}},"13":{"start":{"line":34,"column":2},"end":{"line":34,"column":35}},"14":{"start":{"line":29,"column":0},"end":{"line":29,"column":16}},"15":{"start":{"line":43,"column":2},"end":{"line":43,"column":39}},"16":{"start":{"line":42,"column":0},"end":{"line":42,"column":16}},"17":{"start":{"line":50,"column":2},"end":{"line":50,"column":56}},"18":{"start":{"line":49,"column":0},"end":{"line":49,"column":16}},"19":{"start":{"line":65,"column":6},"end":{"line":65,"column":19}},"20":{"start":{"line":66,"column":14},"end":{"line":66,"column":34}},"21":{"start":{"line":68,"column":2},"end":{"line":68,"column":44}},"22":{"start":{"line":59,"column":0},"end":{"line":59,"column":16}},"23":{"start":{"line":75,"column":2},"end":{"line":75,"column":55}},"24":{"start":{"line":74,"column":0},"end":{"line":74,"column":16}},"25":{"start":{"line":89,"column":2},"end":{"line":91,"column":null}},"26":{"start":{"line":90,"column":4},"end":{"line":90,"column":60}},"27":{"start":{"line":95,"column":6},"end":{"line":95,"column":19}},"28":{"start":{"line":97,"column":2},"end":{"line":117,"column":null}},"29":{"start":{"line":98,"column":4},"end":{"line":102,"column":null}},"30":{"start":{"line":99,"column":6},"end":{"line":99,"column":27}},"31":{"start":{"line":100,"column":11},"end":{"line":102,"column":null}},"32":{"start":{"line":101,"column":6},"end":{"line":101,"column":70}},"33":{"start":{"line":104,"column":4},"end":{"line":109,"column":7}},"34":{"start":{"line":105,"column":6},"end":{"line":108,"column":8}},"35":{"start":{"line":110,"column":9},"end":{"line":117,"column":null}},"36":{"start":{"line":114,"column":4},"end":{"line":114,"column":63}},"37":{"start":{"line":115,"column":9},"end":{"line":117,"column":null}},"38":{"start":{"line":116,"column":4},"end":{"line":116,"column":54}},"39":{"start":{"line":84,"column":0},"end":{"line":84,"column":16}},"40":{"start":{"line":133,"column":2},"end":{"line":135,"column":null}},"41":{"start":{"line":134,"column":4},"end":{"line":134,"column":60}},"42":{"start":{"line":141,"column":6},"end":{"line":141,"column":19}},"43":{"start":{"line":140,"column":30},"end":{"line":140,"column":34}},"44":{"start":{"line":142,"column":19},"end":{"line":142,"column":52}},"45":{"start":{"line":143,"column":20},"end":{"line":145,"column":27}},"46":{"start":{"line":147,"column":14},"end":{"line":147,"column":48}},"47":{"start":{"line":148,"column":29},"end":{"line":148,"column":31}},"48":{"start":{"line":149,"column":17},"end":{"line":158,"column":6}},"49":{"start":{"line":150,"column":4},"end":{"line":152,"column":null}},"50":{"start":{"line":151,"column":6},"end":{"line":151,"column":36}},"51":{"start":{"line":151,"column":20},"end":{"line":151,"column":35}},"52":{"start":{"line":153,"column":4},"end":{"line":155,"column":null}},"53":{"start":{"line":154,"column":6},"end":{"line":154,"column":38}},"54":{"start":{"line":154,"column":20},"end":{"line":154,"column":37}},"55":{"start":{"line":157,"column":4},"end":{"line":157,"column":21}},"56":{"start":{"line":160,"column":2},"end":{"line":176,"column":5}},"57":{"start":{"line":161,"column":21},"end":{"line":161,"column":43}},"58":{"start":{"line":163,"column":4},"end":{"line":175,"column":null}},"59":{"start":{"line":164,"column":6},"end":{"line":166,"column":null}},"60":{"start":{"line":165,"column":8},"end":{"line":165,"column":32}},"61":{"start":{"line":168,"column":6},"end":{"line":172,"column":null}},"62":{"start":{"line":169,"column":21},"end":{"line":169,"column":68}},"63":{"start":{"line":171,"column":8},"end":{"line":171,"column":31}},"64":{"start":{"line":173,"column":11},"end":{"line":175,"column":null}},"65":{"start":{"line":174,"column":6},"end":{"line":174,"column":30}},"66":{"start":{"line":178,"column":2},"end":{"line":178,"column":18}},"67":{"start":{"line":129,"column":0},"end":{"line":129,"column":16}},"68":{"start":{"line":193,"column":6},"end":{"line":193,"column":19}},"69":{"start":{"line":194,"column":20},"end":{"line":194,"column":44}},"70":{"start":{"line":195,"column":19},"end":{"line":202,"column":14}},"71":{"start":{"line":200,"column":18},"end":{"line":200,"column":49}},"72":{"start":{"line":204,"column":2},"end":{"line":211,"column":null}},"73":{"start":{"line":205,"column":16},"end":{"line":208,"column":20}},"74":{"start":{"line":210,"column":4},"end":{"line":210,"column":32}},"75":{"start":{"line":213,"column":2},"end":{"line":213,"column":35}},"76":{"start":{"line":187,"column":0},"end":{"line":187,"column":16}}},"fnMap":{"0":{"name":"isLocalPath","decl":{"start":{"line":8,"column":16},"end":{"line":8,"column":27}},"loc":{"start":{"line":8,"column":42},"end":{"line":10,"column":1}}},"1":{"name":"stdPath","decl":{"start":{"line":15,"column":16},"end":{"line":15,"column":23}},"loc":{"start":{"line":15,"column":42},"end":{"line":24,"column":1}}},"2":{"name":"getAbsPath","decl":{"start":{"line":29,"column":16},"end":{"line":29,"column":26}},"loc":{"start":{"line":29,"column":60},"end":{"line":35,"column":1}}},"3":{"name":"getDir","decl":{"start":{"line":42,"column":16},"end":{"line":42,"column":22}},"loc":{"start":{"line":42,"column":37},"end":{"line":44,"column":1}}},"4":{"name":"getFileName","decl":{"start":{"line":49,"column":16},"end":{"line":49,"column":27}},"loc":{"start":{"line":49,"column":42},"end":{"line":51,"column":1}}},"5":{"name":"getFileExtension","decl":{"start":{"line":59,"column":16},"end":{"line":59,"column":32}},"loc":{"start":{"line":61,"column":35},"end":{"line":69,"column":1}}},"6":{"name":"readFileSyncInText","decl":{"start":{"line":74,"column":16},"end":{"line":74,"column":34}},"loc":{"start":{"line":74,"column":49},"end":{"line":76,"column":1}}},"7":{"name":"copySync","decl":{"start":{"line":84,"column":16},"end":{"line":84,"column":24}},"loc":{"start":{"line":87,"column":27},"end":{"line":118,"column":1}}},"8":{"name":"(anonymous_9)","decl":{"start":{"line":104,"column":35},"end":{"line":104,"column":36}},"loc":{"start":{"line":104,"column":43},"end":{"line":109,"column":5}}},"9":{"name":"findFilesSync","decl":{"start":{"line":129,"column":16},"end":{"line":129,"column":29}},"loc":{"start":{"line":131,"column":32},"end":{"line":179,"column":1}}},"10":{"name":"(anonymous_11)","decl":{"start":{"line":140,"column":24},"end":{"line":140,"column":27}},"loc":{"start":{"line":140,"column":30},"end":{"line":140,"column":34}}},"11":{"name":"(anonymous_12)","decl":{"start":{"line":149,"column":18},"end":{"line":149,"column":46}},"loc":{"start":{"line":149,"column":48},"end":{"line":158,"column":3}}},"12":{"name":"(anonymous_13)","decl":{"start":{"line":151,"column":13},"end":{"line":151,"column":14}},"loc":{"start":{"line":151,"column":20},"end":{"line":151,"column":35}}},"13":{"name":"(anonymous_14)","decl":{"start":{"line":154,"column":13},"end":{"line":154,"column":14}},"loc":{"start":{"line":154,"column":20},"end":{"line":154,"column":37}}},"14":{"name":"(anonymous_15)","decl":{"start":{"line":160,"column":19},"end":{"line":160,"column":20}},"loc":{"start":{"line":160,"column":32},"end":{"line":176,"column":3}}},"15":{"name":"getFlatFileName","decl":{"start":{"line":187,"column":16},"end":{"line":187,"column":31}},"loc":{"start":{"line":189,"column":34},"end":{"line":214,"column":1}}},"16":{"name":"(anonymous_17)","decl":{"start":{"line":200,"column":9},"end":{"line":200,"column":10}},"loc":{"start":{"line":200,"column":18},"end":{"line":200,"column":49}}}},"branchMap":{"0":{"loc":{"start":{"line":19,"column":2},"end":{"line":21,"column":null}},"type":"if","locations":[{"start":{"line":19,"column":2},"end":{"line":21,"column":null}}]},"1":{"loc":{"start":{"line":19,"column":6},"end":{"line":19,"column":64}},"type":"binary-expr","locations":[{"start":{"line":19,"column":6},"end":{"line":19,"column":27}},{"start":{"line":19,"column":31},"end":{"line":19,"column":64}}]},"2":{"loc":{"start":{"line":20,"column":11},"end":{"line":20,"column":47}},"type":"cond-expr","locations":[{"start":{"line":20,"column":26},"end":{"line":20,"column":32}},{"start":{"line":20,"column":35},"end":{"line":20,"column":47}}]},"3":{"loc":{"start":{"line":30,"column":2},"end":{"line":32,"column":null}},"type":"if","locations":[{"start":{"line":30,"column":2},"end":{"line":32,"column":null}}]},"4":{"loc":{"start":{"line":30,"column":6},"end":{"line":30,"column":55}},"type":"binary-expr","locations":[{"start":{"line":30,"column":6},"end":{"line":30,"column":29}},{"start":{"line":30,"column":33},"end":{"line":30,"column":55}}]},"5":{"loc":{"start":{"line":64,"column":4},"end":{"line":64,"column":20}},"type":"default-arg","locations":[{"start":{"line":64,"column":15},"end":{"line":64,"column":20}}]},"6":{"loc":{"start":{"line":65,"column":6},"end":{"line":65,"column":19}},"type":"cond-expr","locations":[{"start":{"line":65,"column":6},"end":{"line":65,"column":13}},{"start":{"line":65,"column":17},"end":{"line":65,"column":19}}]},"7":{"loc":{"start":{"line":65,"column":6},"end":{"line":65,"column":17}},"type":"binary-expr","locations":[{"start":{"line":65,"column":6},"end":{"line":65,"column":17}},{"start":{"line":65,"column":6},"end":{"line":65,"column":17}}]},"8":{"loc":{"start":{"line":68,"column":9},"end":{"line":68,"column":43}},"type":"cond-expr","locations":[{"start":{"line":68,"column":20},"end":{"line":68,"column":23}},{"start":{"line":68,"column":26},"end":{"line":68,"column":43}}]},"9":{"loc":{"start":{"line":89,"column":2},"end":{"line":91,"column":null}},"type":"if","locations":[{"start":{"line":89,"column":2},"end":{"line":91,"column":null}}]},"10":{"loc":{"start":{"line":94,"column":4},"end":{"line":94,"column":20}},"type":"default-arg","locations":[{"start":{"line":94,"column":16},"end":{"line":94,"column":20}}]},"11":{"loc":{"start":{"line":95,"column":6},"end":{"line":95,"column":19}},"type":"cond-expr","locations":[{"start":{"line":95,"column":6},"end":{"line":95,"column":13}},{"start":{"line":95,"column":17},"end":{"line":95,"column":19}}]},"12":{"loc":{"start":{"line":95,"column":6},"end":{"line":95,"column":17}},"type":"binary-expr","locations":[{"start":{"line":95,"column":6},"end":{"line":95,"column":17}},{"start":{"line":95,"column":6},"end":{"line":95,"column":17}}]},"13":{"loc":{"start":{"line":97,"column":2},"end":{"line":117,"column":null}},"type":"if","locations":[{"start":{"line":97,"column":2},"end":{"line":117,"column":null}},{"start":{"line":110,"column":9},"end":{"line":117,"column":null}}]},"14":{"loc":{"start":{"line":98,"column":4},"end":{"line":102,"column":null}},"type":"if","locations":[{"start":{"line":98,"column":4},"end":{"line":102,"column":null}},{"start":{"line":100,"column":11},"end":{"line":102,"column":null}}]},"15":{"loc":{"start":{"line":100,"column":11},"end":{"line":102,"column":null}},"type":"if","locations":[{"start":{"line":100,"column":11},"end":{"line":102,"column":null}}]},"16":{"loc":{"start":{"line":110,"column":9},"end":{"line":117,"column":null}},"type":"if","locations":[{"start":{"line":110,"column":9},"end":{"line":117,"column":null}},{"start":{"line":115,"column":9},"end":{"line":117,"column":null}}]},"17":{"loc":{"start":{"line":111,"column":4},"end":{"line":112,"column":40}},"type":"binary-expr","locations":[{"start":{"line":111,"column":4},"end":{"line":111,"column":25}},{"start":{"line":112,"column":7},"end":{"line":112,"column":40}}]},"18":{"loc":{"start":{"line":115,"column":9},"end":{"line":117,"column":null}},"type":"if","locations":[{"start":{"line":115,"column":9},"end":{"line":117,"column":null}}]},"19":{"loc":{"start":{"line":115,"column":13},"end":{"line":115,"column":48}},"type":"binary-expr","locations":[{"start":{"line":115,"column":13},"end":{"line":115,"column":22}},{"start":{"line":115,"column":26},"end":{"line":115,"column":48}}]},"20":{"loc":{"start":{"line":133,"column":2},"end":{"line":135,"column":null}},"type":"if","locations":[{"start":{"line":133,"column":2},"end":{"line":135,"column":null}}]},"21":{"loc":{"start":{"line":138,"column":4},"end":{"line":138,"column":20}},"type":"default-arg","locations":[{"start":{"line":138,"column":16},"end":{"line":138,"column":20}}]},"22":{"loc":{"start":{"line":139,"column":4},"end":{"line":139,"column":22}},"type":"default-arg","locations":[{"start":{"line":139,"column":17},"end":{"line":139,"column":22}}]},"23":{"loc":{"start":{"line":140,"column":12},"end":{"line":140,"column":34}},"type":"default-arg","locations":[{"start":{"line":140,"column":24},"end":{"line":140,"column":34}}]},"24":{"loc":{"start":{"line":141,"column":6},"end":{"line":141,"column":19}},"type":"cond-expr","locations":[{"start":{"line":141,"column":6},"end":{"line":141,"column":13}},{"start":{"line":141,"column":17},"end":{"line":141,"column":19}}]},"25":{"loc":{"start":{"line":141,"column":6},"end":{"line":141,"column":17}},"type":"binary-expr","locations":[{"start":{"line":141,"column":6},"end":{"line":141,"column":17}},{"start":{"line":141,"column":6},"end":{"line":141,"column":17}}]},"26":{"loc":{"start":{"line":143,"column":20},"end":{"line":145,"column":27}},"type":"cond-expr","locations":[{"start":{"line":144,"column":6},"end":{"line":144,"column":28}},{"start":{"line":145,"column":6},"end":{"line":145,"column":27}}]},"27":{"loc":{"start":{"line":147,"column":14},"end":{"line":147,"column":48}},"type":"cond-expr","locations":[{"start":{"line":147,"column":25},"end":{"line":147,"column":31}},{"start":{"line":147,"column":34},"end":{"line":147,"column":48}}]},"28":{"loc":{"start":{"line":150,"column":4},"end":{"line":152,"column":null}},"type":"if","locations":[{"start":{"line":150,"column":4},"end":{"line":152,"column":null}}]},"29":{"loc":{"start":{"line":153,"column":4},"end":{"line":155,"column":null}},"type":"if","locations":[{"start":{"line":153,"column":4},"end":{"line":155,"column":null}}]},"30":{"loc":{"start":{"line":163,"column":4},"end":{"line":175,"column":null}},"type":"if","locations":[{"start":{"line":163,"column":4},"end":{"line":175,"column":null}},{"start":{"line":173,"column":11},"end":{"line":175,"column":null}}]},"31":{"loc":{"start":{"line":164,"column":6},"end":{"line":166,"column":null}},"type":"if","locations":[{"start":{"line":164,"column":6},"end":{"line":166,"column":null}}]},"32":{"loc":{"start":{"line":164,"column":10},"end":{"line":164,"column":40}},"type":"binary-expr","locations":[{"start":{"line":164,"column":10},"end":{"line":164,"column":20}},{"start":{"line":164,"column":24},"end":{"line":164,"column":40}}]},"33":{"loc":{"start":{"line":168,"column":6},"end":{"line":172,"column":null}},"type":"if","locations":[{"start":{"line":168,"column":6},"end":{"line":172,"column":null}}]},"34":{"loc":{"start":{"line":173,"column":11},"end":{"line":175,"column":null}},"type":"if","locations":[{"start":{"line":173,"column":11},"end":{"line":175,"column":null}}]},"35":{"loc":{"start":{"line":192,"column":4},"end":{"line":192,"column":16}},"type":"default-arg","locations":[{"start":{"line":192,"column":11},"end":{"line":192,"column":16}}]},"36":{"loc":{"start":{"line":193,"column":6},"end":{"line":193,"column":19}},"type":"cond-expr","locations":[{"start":{"line":193,"column":6},"end":{"line":193,"column":13}},{"start":{"line":193,"column":17},"end":{"line":193,"column":19}}]},"37":{"loc":{"start":{"line":193,"column":6},"end":{"line":193,"column":17}},"type":"binary-expr","locations":[{"start":{"line":193,"column":6},"end":{"line":193,"column":17}},{"start":{"line":193,"column":6},"end":{"line":193,"column":17}}]},"38":{"loc":{"start":{"line":204,"column":2},"end":{"line":211,"column":null}},"type":"if","locations":[{"start":{"line":204,"column":2},"end":{"line":211,"column":null}}]}},"s":{"0":10,"1":10,"2":10,"3":4,"4":10,"5":220,"6":220,"7":220,"8":71,"9":149,"10":10,"11":13,"12":8,"13":5,"14":10,"15":4,"16":10,"17":10,"18":10,"19":23,"20":23,"21":23,"22":10,"23":2,"24":10,"25":19,"26":1,"27":18,"28":18,"29":6,"30":5,"31":1,"32":1,"33":5,"34":10,"35":12,"36":1,"37":11,"38":10,"39":10,"40":60,"41":3,"42":57,"43":43,"44":57,"45":57,"46":57,"47":57,"48":57,"49":57,"50":1,"51":6,"52":56,"53":2,"54":12,"55":54,"56":57,"57":114,"58":114,"59":45,"60":4,"61":45,"62":44,"63":44,"64":69,"65":43,"66":57,"67":10,"68":10,"69":10,"70":10,"71":16,"72":10,"73":3,"74":3,"75":7,"76":10},"f":{"0":4,"1":220,"2":13,"3":4,"4":10,"5":23,"6":2,"7":19,"8":10,"9":60,"10":43,"11":57,"12":6,"13":12,"14":114,"15":10,"16":16},"b":{"0":[71],"1":[220,166],"2":[5,66],"3":[8],"4":[13,8],"5":[21],"6":[2,21],"7":[23,23],"8":[1,22],"9":[1],"10":[16],"11":[2,16],"12":[18,18],"13":[6,12],"14":[5,1],"15":[1],"16":[1,11],"17":[12,4],"18":[10],"19":[11,1],"20":[3],"21":[51],"22":[47],"23":[8],"24":[53,4],"25":[57,57],"26":[56,1],"27":[56,1],"28":[1],"29":[2],"30":[45,69],"31":[4],"32":[45,4],"33":[44],"34":[43],"35":[7],"36":[3,7],"37":[10,10],"38":[3]}}
,"D:\\Project\\github\\rollhtml\\src\\utils\\log\\index.ts": {"path":"D:\\Project\\github\\rollhtml\\src\\utils\\log\\index.ts","statementMap":{"0":{"start":{"line":5,"column":2},"end":{"line":5,"column":39}},"1":{"start":{"line":4,"column":0},"end":{"line":4,"column":16}},"2":{"start":{"line":12,"column":2},"end":{"line":12,"column":39}},"3":{"start":{"line":11,"column":0},"end":{"line":11,"column":16}}},"fnMap":{"0":{"name":"printLog","decl":{"start":{"line":4,"column":16},"end":{"line":4,"column":24}},"loc":{"start":{"line":4,"column":37},"end":{"line":6,"column":1}}},"1":{"name":"printError","decl":{"start":{"line":11,"column":16},"end":{"line":11,"column":26}},"loc":{"start":{"line":11,"column":39},"end":{"line":13,"column":1}}}},"branchMap":{},"s":{"0":1,"1":2,"2":1,"3":2},"f":{"0":1,"1":1},"b":{}}
,"D:\\Project\\github\\rollhtml\\src\\utils\\string\\index.ts": {"path":"D:\\Project\\github\\rollhtml\\src\\utils\\string\\index.ts","statementMap":{"0":{"start":{"line":5,"column":2},"end":{"line":5,"column":52}},"1":{"start":{"line":4,"column":0},"end":{"line":4,"column":16}},"2":{"start":{"line":12,"column":2},"end":{"line":12,"column":43}},"3":{"start":{"line":11,"column":0},"end":{"line":11,"column":16}},"4":{"start":{"line":19,"column":2},"end":{"line":19,"column":57}},"5":{"start":{"line":18,"column":0},"end":{"line":18,"column":16}},"6":{"start":{"line":26,"column":2},"end":{"line":26,"column":42}},"7":{"start":{"line":25,"column":0},"end":{"line":25,"column":16}},"8":{"start":{"line":34,"column":2},"end":{"line":37,"column":4}},"9":{"start":{"line":32,"column":0},"end":{"line":32,"column":16}},"10":{"start":{"line":48,"column":2},"end":{"line":50,"column":null}},"11":{"start":{"line":49,"column":4},"end":{"line":49,"column":44}},"12":{"start":{"line":52,"column":38},"end":{"line":52,"column":40}},"13":{"start":{"line":54,"column":2},"end":{"line":62,"column":5}},"14":{"start":{"line":55,"column":4},"end":{"line":59,"column":6}},"15":{"start":{"line":61,"column":4},"end":{"line":61,"column":14}},"16":{"start":{"line":63,"column":18},"end":{"line":63,"column":45}},"17":{"start":{"line":65,"column":2},"end":{"line":65,"column":65}},"18":{"start":{"line":65,"column":38},"end":{"line":65,"column":63}},"19":{"start":{"line":43,"column":0},"end":{"line":43,"column":22}}},"fnMap":{"0":{"name":"hasQuote","decl":{"start":{"line":4,"column":16},"end":{"line":4,"column":24}},"loc":{"start":{"line":4,"column":39},"end":{"line":6,"column":1}}},"1":{"name":"getQuote","decl":{"start":{"line":11,"column":16},"end":{"line":11,"column":24}},"loc":{"start":{"line":11,"column":39},"end":{"line":13,"column":1}}},"2":{"name":"stdQuoteStr","decl":{"start":{"line":18,"column":16},"end":{"line":18,"column":27}},"loc":{"start":{"line":18,"column":42},"end":{"line":20,"column":1}}},"3":{"name":"getUrlWithoutExt","decl":{"start":{"line":25,"column":16},"end":{"line":25,"column":32}},"loc":{"start":{"line":25,"column":47},"end":{"line":27,"column":1}}},"4":{"name":"isUrlLike","decl":{"start":{"line":32,"column":16},"end":{"line":32,"column":25}},"loc":{"start":{"line":32,"column":40},"end":{"line":38,"column":1}}},"5":{"name":"replaceStrAsync","decl":{"start":{"line":43,"column":22},"end":{"line":43,"column":37}},"loc":{"start":{"line":46,"column":80},"end":{"line":66,"column":null}}},"6":{"name":"(anonymous_14)","decl":{"start":{"line":54,"column":25},"end":{"line":54,"column":26}},"loc":{"start":{"line":54,"column":37},"end":{"line":62,"column":3}}},"7":{"name":"(anonymous_15)","decl":{"start":{"line":65,"column":32},"end":{"line":65,"column":35}},"loc":{"start":{"line":65,"column":38},"end":{"line":65,"column":63}}}},"branchMap":{"0":{"loc":{"start":{"line":12,"column":9},"end":{"line":12,"column":42}},"type":"cond-expr","locations":[{"start":{"line":12,"column":28},"end":{"line":12,"column":37}},{"start":{"line":12,"column":40},"end":{"line":12,"column":42}}]},"1":{"loc":{"start":{"line":19,"column":9},"end":{"line":19,"column":56}},"type":"cond-expr","locations":[{"start":{"line":19,"column":28},"end":{"line":19,"column":47}},{"start":{"line":19,"column":50},"end":{"line":19,"column":56}}]},"2":{"loc":{"start":{"line":35,"column":4},"end":{"line":36,"column":24}},"type":"binary-expr","locations":[{"start":{"line":35,"column":4},"end":{"line":35,"column":48}},{"start":{"line":36,"column":7},"end":{"line":36,"column":24}}]},"3":{"loc":{"start":{"line":48,"column":2},"end":{"line":50,"column":null}},"type":"if","locations":[{"start":{"line":48,"column":2},"end":{"line":50,"column":null}}]}},"s":{"0":66,"1":6,"2":22,"3":6,"4":22,"5":6,"6":11,"7":6,"8":46,"9":6,"10":4,"11":2,"12":2,"13":2,"14":10,"15":10,"16":2,"17":2,"18":10,"19":6},"f":{"0":66,"1":22,"2":22,"3":11,"4":46,"5":4,"6":10,"7":10},"b":{"0":[9,13],"1":[9,13],"2":[46,11],"3":[2]}}
}
