TN:
SF:src\utils\arguments\index.ts
FN:15,getArguments
FN:26,(anonymous_1)
FN:27,(anonymous_2)
FNF:3
FNH:3
FNDA:16,getArguments
FNDA:33,(anonymous_1)
FNDA:44,(anonymous_2)
DA:15,1
DA:22,16
DA:23,16
DA:24,16
DA:25,16
DA:26,33
DA:27,16
DA:28,44
DA:29,15
DA:32,29
DA:34,29
DA:35,5
DA:36,5
DA:38,5
DA:41,24
DA:42,24
DA:43,24
DA:45,24
DA:46,6
DA:47,1
DA:50,5
DA:51,5
DA:53,5
DA:56,18
DA:57,18
DA:59,18
DA:60,6
DA:61,6
DA:63,6
DA:66,12
DA:67,12
DA:70,16
DA:72,15
LF:33
LH:33
BRDA:16,0,0,1
BRDA:19,1,0,5
BRDA:20,2,0,1
BRDA:21,3,0,15
BRDA:28,4,0,15
BRDA:34,5,0,5
BRDA:43,6,0,13
BRDA:43,6,1,11
BRDA:45,7,0,6
BRDA:46,8,0,1
BRDA:59,9,0,6
BRDA:59,10,0,18
BRDA:59,10,1,16
BRF:13
BRH:13
end_of_record
TN:
SF:src\utils\cook\index.ts
FN:8,createCook
FN:13,(anonymous_8)
FN:13,(anonymous_9)
FN:15,(anonymous_10)
FN:15,(anonymous_11)
FNF:5
FNH:5
FNDA:3,createCook
FNDA:3,(anonymous_8)
FNDA:3,(anonymous_9)
FNDA:3,(anonymous_10)
FNDA:3,(anonymous_11)
DA:8,1
DA:11,3
DA:13,3
DA:15,3
DA:16,3
DA:17,3
DA:19,3
LF:7
LH:7
BRDA:9,0,0,1
BRDA:11,1,0,2
BRDA:11,1,1,1
BRF:3
BRH:3
end_of_record
TN:
SF:src\utils\file\index.ts
FN:8,isLocalPath
FN:15,stdPath
FN:29,getAbsPath
FN:42,getDir
FN:49,getFileName
FN:59,getFileExtension
FN:74,readFileSyncInText
FN:84,copySync
FN:104,(anonymous_9)
FN:129,findFilesSync
FN:140,(anonymous_11)
FN:149,(anonymous_12)
FN:151,(anonymous_13)
FN:154,(anonymous_14)
FN:160,(anonymous_15)
FN:187,getFlatFileName
FN:200,(anonymous_17)
FNF:17
FNH:17
FNDA:4,isLocalPath
FNDA:220,stdPath
FNDA:13,getAbsPath
FNDA:4,getDir
FNDA:10,getFileName
FNDA:23,getFileExtension
FNDA:2,readFileSyncInText
FNDA:19,copySync
FNDA:10,(anonymous_9)
FNDA:60,findFilesSync
FNDA:43,(anonymous_11)
FNDA:57,(anonymous_12)
FNDA:6,(anonymous_13)
FNDA:12,(anonymous_14)
FNDA:114,(anonymous_15)
FNDA:10,getFlatFileName
FNDA:16,(anonymous_17)
DA:1,10
DA:2,10
DA:3,10
DA:8,10
DA:9,4
DA:15,10
DA:16,220
DA:17,220
DA:19,220
DA:20,71
DA:23,149
DA:29,10
DA:30,13
DA:31,8
DA:34,5
DA:42,10
DA:43,4
DA:49,10
DA:50,10
DA:59,10
DA:65,23
DA:66,23
DA:68,23
DA:74,10
DA:75,2
DA:84,10
DA:89,19
DA:90,1
DA:95,18
DA:97,18
DA:98,6
DA:99,5
DA:100,1
DA:101,1
DA:104,5
DA:105,10
DA:110,12
DA:114,1
DA:115,11
DA:116,10
DA:129,10
DA:133,60
DA:134,3
DA:140,43
DA:141,57
DA:142,57
DA:143,57
DA:147,57
DA:148,57
DA:149,57
DA:150,57
DA:151,6
DA:153,56
DA:154,12
DA:157,54
DA:160,57
DA:161,114
DA:163,114
DA:164,45
DA:165,4
DA:168,45
DA:169,44
DA:171,44
DA:173,69
DA:174,43
DA:178,57
DA:187,10
DA:193,10
DA:194,10
DA:195,10
DA:200,16
DA:204,10
DA:205,3
DA:210,3
DA:213,7
LF:75
LH:75
BRDA:19,0,0,71
BRDA:19,1,0,220
BRDA:19,1,1,166
BRDA:20,2,0,5
BRDA:20,2,1,66
BRDA:30,3,0,8
BRDA:30,4,0,13
BRDA:30,4,1,8
BRDA:64,5,0,21
BRDA:65,6,0,2
BRDA:65,6,1,21
BRDA:65,7,0,23
BRDA:65,7,1,23
BRDA:68,8,0,1
BRDA:68,8,1,22
BRDA:89,9,0,1
BRDA:94,10,0,16
BRDA:95,11,0,2
BRDA:95,11,1,16
BRDA:95,12,0,18
BRDA:95,12,1,18
BRDA:97,13,0,6
BRDA:97,13,1,12
BRDA:98,14,0,5
BRDA:98,14,1,1
BRDA:100,15,0,1
BRDA:110,16,0,1
BRDA:110,16,1,11
BRDA:111,17,0,12
BRDA:111,17,1,4
BRDA:115,18,0,10
BRDA:115,19,0,11
BRDA:115,19,1,1
BRDA:133,20,0,3
BRDA:138,21,0,51
BRDA:139,22,0,47
BRDA:140,23,0,8
BRDA:141,24,0,53
BRDA:141,24,1,4
BRDA:141,25,0,57
BRDA:141,25,1,57
BRDA:143,26,0,56
BRDA:143,26,1,1
BRDA:147,27,0,56
BRDA:147,27,1,1
BRDA:150,28,0,1
BRDA:153,29,0,2
BRDA:163,30,0,45
BRDA:163,30,1,69
BRDA:164,31,0,4
BRDA:164,32,0,45
BRDA:164,32,1,4
BRDA:168,33,0,44
BRDA:173,34,0,43
BRDA:192,35,0,7
BRDA:193,36,0,3
BRDA:193,36,1,7
BRDA:193,37,0,10
BRDA:193,37,1,10
BRDA:204,38,0,3
BRF:60
BRH:60
end_of_record
TN:
SF:src\utils\log\index.ts
FN:4,printLog
FN:11,printError
FNF:2
FNH:2
FNDA:1,printLog
FNDA:1,printError
DA:4,2
DA:5,1
DA:11,2
DA:12,1
LF:4
LH:4
BRF:0
BRH:0
end_of_record
TN:
SF:src\utils\string\index.ts
FN:4,hasQuote
FN:11,getQuote
FN:18,stdQuoteStr
FN:25,getUrlWithoutExt
FN:32,isUrlLike
FN:43,replaceStrAsync
FN:54,(anonymous_14)
FN:65,(anonymous_15)
FNF:8
FNH:8
FNDA:66,hasQuote
FNDA:22,getQuote
FNDA:22,stdQuoteStr
FNDA:11,getUrlWithoutExt
FNDA:46,isUrlLike
FNDA:4,replaceStrAsync
FNDA:10,(anonymous_14)
FNDA:10,(anonymous_15)
DA:4,6
DA:5,66
DA:11,6
DA:12,22
DA:18,6
DA:19,22
DA:25,6
DA:26,11
DA:32,6
DA:34,46
DA:43,6
DA:48,4
DA:49,2
DA:52,2
DA:54,2
DA:55,10
DA:61,10
DA:63,2
DA:65,10
LF:19
LH:19
BRDA:12,0,0,9
BRDA:12,0,1,13
BRDA:19,1,0,9
BRDA:19,1,1,13
BRDA:35,2,0,46
BRDA:35,2,1,11
BRDA:48,3,0,2
BRF:7
BRH:7
end_of_record
